<?xml version="1.0" encoding="UTF-8" ?>
<testsuite tests="1" failures="0" name="org.example.ArkanoidGameTest" time="0.005" errors="1" skipped="0">
  <properties>
    <property name="java.runtime.name" value="OpenJDK Runtime Environment"/>
    <property name="java.vm.version" value="17.0.8.1+8-LTS"/>
    <property name="sun.boot.library.path" value="C:\Users\merts\.jdks\corretto-17.0.8.1\bin"/>
    <property name="maven.multiModuleProjectDirectory" value="C:\Users\merts\Desktop\testing\ArkanoidGame"/>
    <property name="java.vm.vendor" value="Amazon.com Inc."/>
    <property name="java.vendor.url" value="https://aws.amazon.com/corretto/"/>
    <property name="guice.disable.misplaced.annotation.check" value="true"/>
    <property name="path.separator" value=";"/>
    <property name="java.vm.name" value="OpenJDK 64-Bit Server VM"/>
    <property name="sun.os.patch.level" value=""/>
    <property name="user.script" value=""/>
    <property name="user.country" value="GB"/>
    <property name="sun.java.launcher" value="SUN_STANDARD"/>
    <property name="java.vm.specification.name" value="Java Virtual Machine Specification"/>
    <property name="user.dir" value="C:\Users\merts\Desktop\testing\ArkanoidGame"/>
    <property name="java.vm.compressedOopsMode" value="Zero based"/>
    <property name="java.runtime.version" value="17.0.8.1+8-LTS"/>
    <property name="os.arch" value="amd64"/>
    <property name="java.io.tmpdir" value="C:\Users\merts\AppData\Local\Temp\"/>
    <property name="line.separator" value="
"/>
    <property name="java.vm.specification.vendor" value="Oracle Corporation"/>
    <property name="user.variant" value=""/>
    <property name="os.name" value="Windows 11"/>
    <property name="classworlds.conf" value="C:\Program Files\Maven\apache-maven-3.6.0\bin\..\bin\m2.conf"/>
    <property name="sun.jnu.encoding" value="Cp1252"/>
    <property name="java.library.path" value="C:\Users\merts\.jdks\corretto-17.0.8.1\bin;C:\Windows\Sun\Java\bin;C:\Windows\system32;C:\Windows;C:\Program Files\Python39\;C:\Program Files\ImageMagick-7.1.1-Q16;C:\Program Files\ImageMagick-7.1.1-Q16-HDRI;C:\Windows\system32;C:\Windows;C:\Windows\System32\Wbem;C:\Windows\System32\WindowsPowerShell\v1.0\;C:\Windows\System32\OpenSSH\;C:\Program Files\Maven\apache-maven-3.6.0\bin;C:\Program Files\PuTTY\;C:\Program Files\Git\cmd;C:\Users\merts\.jdks\corretto-17.0.8.1\bin;C:\Program Files\Java\jdk1.8.0_202\bin;C:\Program Files\nodejs\;;C:\Program Files\Docker\Docker\resources\bin;C:\Users\merts\AppData\Local\Programs\Python\Python312;C:\Windows\system32;C:\Windows;C:\Windows\System32\Wbem;C:\Windows\System32\WindowsPowerShell\v1.0\;C:\Windows\System32\OpenSSH\;C:\Program Files\Maven\apache-maven-3.6.0\bin;C:\Program Files\PuTTY\;C:\Program Files\Git\cmd;C:\Program Files\Java\jdk1.8.0_202\bin;C:\Users\merts\.jdks\openjdk-21.0.1;C:\Users\merts\.jdks\corretto-17.0.8.1\bin;C:\Users\merts\AppData\Local\GitHubDesktop\bin;C:\Program Files\JetBrains\PyCharm Community Edition 2023.3.2\bin;;C:\Users\merts\AppData\Local\Programs\Microsoft VS Code\bin;C:\Users\merts\AppData\Local\Programs\Python\Python312\Scripts;C:\Users\merts\AppData\Roaming\npm;C:\Program Files\nodejs;;."/>
    <property name="maven.conf" value="C:\Program Files\Maven\apache-maven-3.6.0\bin\../conf"/>
    <property name="jdk.debug" value="release"/>
    <property name="java.class.version" value="61.0"/>
    <property name="java.specification.name" value="Java Platform API Specification"/>
    <property name="sun.management.compiler" value="HotSpot 64-Bit Tiered Compilers"/>
    <property name="os.version" value="10.0"/>
    <property name="library.jansi.path" value="C:\Program Files\Maven\apache-maven-3.6.0\bin\..\lib\jansi-native"/>
    <property name="user.home" value="C:\Users\merts"/>
    <property name="user.timezone" value="Europe/Berlin"/>
    <property name="file.encoding" value="Cp1252"/>
    <property name="java.specification.version" value="17"/>
    <property name="user.name" value="merts"/>
    <property name="java.class.path" value="C:\Program Files\Maven\apache-maven-3.6.0\bin\..\boot\plexus-classworlds-2.5.2.jar"/>
    <property name="java.vm.specification.version" value="17"/>
    <property name="sun.arch.data.model" value="64"/>
    <property name="sun.java.command" value="org.codehaus.plexus.classworlds.launcher.Launcher clean install"/>
    <property name="java.home" value="C:\Users\merts\.jdks\corretto-17.0.8.1"/>
    <property name="user.language" value="en"/>
    <property name="java.specification.vendor" value="Oracle Corporation"/>
    <property name="java.vm.info" value="mixed mode, sharing"/>
    <property name="java.version" value="17.0.8.1"/>
    <property name="native.encoding" value="Cp1252"/>
    <property name="java.vendor" value="Amazon.com Inc."/>
    <property name="sun.stderr.encoding" value="cp850"/>
    <property name="maven.home" value="C:\Program Files\Maven\apache-maven-3.6.0\bin\.."/>
    <property name="file.separator" value="\"/>
    <property name="java.version.date" value="2023-08-22"/>
    <property name="java.vendor.url.bug" value="https://github.com/corretto/corretto-17/issues/"/>
    <property name="sun.io.unicode.encoding" value="UnicodeLittle"/>
    <property name="sun.cpu.endian" value="little"/>
    <property name="java.vendor.version" value="Corretto-17.0.8.8.1"/>
    <property name="sun.stdout.encoding" value="cp850"/>
    <property name="sun.cpu.isalist" value="amd64"/>
  </properties>
  <testcase classname="org.example.ArkanoidGameTest" name="initializationError" time="0.005">
    <error message="Invalid test class &apos;org.example.ArkanoidGameTest&apos;:
  1. The class org.example.ArkanoidGameTest is not public.
  2. Test class should have exactly one public constructor
  3. Method testBallInitialPositionAndSpeed() should be public
  4. Method testBallBouncesCorrectly() should be public
  5. Method testBricksRequireCorrectHitsToBreak() should be public
  6. Method testBricksAndPaddleSize() should be public
  7. Method testBoardSize() should be public
  8. Method testInitialBrickPlacement() should be public
  9. Method testBrickPatternGeneratedRandomly() should be public
  10. Method testLifeLostWhenBallFalls() should be public
  11. Method testPaddleResetsPositionAtStart() should be public
  12. Method testPaddleMovementWithinBounds() should be public
  13. Method testLevelRestartsWhenLifeIsLost() should be public
  14. Method testGameHas33Levels() should be public
  15. Method testBrickSizes() should be public
  16. Method testBrickColors() should be public
  17. Method testGameResetsWhenPlayerChoosesToRestart() should be public
  18. Method testBricksIncreaseEachLevel() should be public
  19. Method testPlayerStartsWithThreeLives() should be public
  20. Method testBreakAllBricksToCompleteLevel() should be public
  21. Method testBallSpeedIncreasesEachLevel() should be public" type="org.junit.runners.model.InvalidTestClassError">org.junit.runners.model.InvalidTestClassError: Invalid test class &apos;org.example.ArkanoidGameTest&apos;:
  1. The class org.example.ArkanoidGameTest is not public.
  2. Test class should have exactly one public constructor
  3. Method testBallInitialPositionAndSpeed() should be public
  4. Method testBallBouncesCorrectly() should be public
  5. Method testBricksRequireCorrectHitsToBreak() should be public
  6. Method testBricksAndPaddleSize() should be public
  7. Method testBoardSize() should be public
  8. Method testInitialBrickPlacement() should be public
  9. Method testBrickPatternGeneratedRandomly() should be public
  10. Method testLifeLostWhenBallFalls() should be public
  11. Method testPaddleResetsPositionAtStart() should be public
  12. Method testPaddleMovementWithinBounds() should be public
  13. Method testLevelRestartsWhenLifeIsLost() should be public
  14. Method testGameHas33Levels() should be public
  15. Method testBrickSizes() should be public
  16. Method testBrickColors() should be public
  17. Method testGameResetsWhenPlayerChoosesToRestart() should be public
  18. Method testBricksIncreaseEachLevel() should be public
  19. Method testPlayerStartsWithThreeLives() should be public
  20. Method testBreakAllBricksToCompleteLevel() should be public
  21. Method testBallSpeedIncreasesEachLevel() should be public
	at org.junit.runners.ParentRunner.validate(ParentRunner.java:525)
	at org.junit.runners.ParentRunner.&lt;init&gt;(ParentRunner.java:102)
	at org.junit.runners.BlockJUnit4ClassRunner.&lt;init&gt;(BlockJUnit4ClassRunner.java:84)
	at org.junit.runners.JUnit4.&lt;init&gt;(JUnit4.java:23)
	at org.junit.internal.builders.JUnit4Builder.runnerForClass(JUnit4Builder.java:10)
	at org.junit.runners.model.RunnerBuilder.safeRunnerForClass(RunnerBuilder.java:70)
	at org.junit.internal.builders.AllDefaultPossibilitiesBuilder.runnerForClass(AllDefaultPossibilitiesBuilder.java:37)
	at org.junit.runners.model.RunnerBuilder.safeRunnerForClass(RunnerBuilder.java:70)
	at org.junit.internal.requests.ClassRequest.createRunner(ClassRequest.java:28)
	at org.junit.internal.requests.MemoizingRequest.getRunner(MemoizingRequest.java:19)
	at org.apache.maven.surefire.junit4.JUnit4Provider.execute(JUnit4Provider.java:250)
	at org.apache.maven.surefire.junit4.JUnit4Provider.executeTestSet(JUnit4Provider.java:141)
	at org.apache.maven.surefire.junit4.JUnit4Provider.invoke(JUnit4Provider.java:112)
	at java.base/jdk.internal.reflect.NativeMethodAccessorImpl.invoke0(Native Method)
	at java.base/jdk.internal.reflect.NativeMethodAccessorImpl.invoke(NativeMethodAccessorImpl.java:77)
	at java.base/jdk.internal.reflect.DelegatingMethodAccessorImpl.invoke(DelegatingMethodAccessorImpl.java:43)
	at java.base/java.lang.reflect.Method.invoke(Method.java:568)
	at org.apache.maven.surefire.util.ReflectionUtils.invokeMethodWithArray(ReflectionUtils.java:189)
	at org.apache.maven.surefire.booter.ProviderFactory$ProviderProxy.invoke(ProviderFactory.java:165)
	at org.apache.maven.surefire.booter.ProviderFactory.invokeProvider(ProviderFactory.java:85)
	at org.apache.maven.surefire.booter.ForkedBooter.runSuitesInProcess(ForkedBooter.java:115)
	at org.apache.maven.surefire.booter.ForkedBooter.main(ForkedBooter.java:75)
</error>
  </testcase>
</testsuite>